2025-04-30 13:26:17.611 - Logger periódico iniciado. Escribiendo en: simulacion_logistica.log
2025-04-30 13:26:17.611 - Fallidos: 0, Verificados: 0
2025-04-30 13:26:17.760 - Fallidos: 0, Verificados: 6
2025-04-30 13:26:17.960 - Fallidos: 3, Verificados: 12
2025-04-30 13:26:18.159 - Fallidos: 6, Verificados: 17
2025-04-30 13:26:18.360 - Fallidos: 10, Verificados: 22
2025-04-30 13:26:18.560 - Fallidos: 12, Verificados: 28
2025-04-30 13:26:18.759 - Fallidos: 13, Verificados: 36
2025-04-30 13:26:18.960 - Fallidos: 15, Verificados: 43
2025-04-30 13:26:19.160 - Fallidos: 16, Verificados: 49
2025-04-30 13:26:19.359 - Fallidos: 17, Verificados: 55
2025-04-30 13:26:19.559 - Fallidos: 22, Verificados: 61
2025-04-30 13:26:19.760 - Fallidos: 23, Verificados: 68
2025-04-30 13:26:19.959 - Fallidos: 25, Verificados: 75
2025-04-30 13:26:20.159 - Fallidos: 29, Verificados: 83
2025-04-30 13:26:20.360 - Fallidos: 31, Verificados: 88
2025-04-30 13:26:20.559 - Fallidos: 34, Verificados: 94
2025-04-30 13:26:20.759 - Fallidos: 37, Verificados: 100
2025-04-30 13:26:20.960 - Fallidos: 40, Verificados: 106
2025-04-30 13:26:21.159 - Fallidos: 43, Verificados: 112
2025-04-30 13:26:21.359 - Fallidos: 46, Verificados: 117
2025-04-30 13:26:21.560 - Fallidos: 49, Verificados: 124
2025-04-30 13:26:21.759 - Fallidos: 51, Verificados: 130
2025-04-30 13:26:21.959 - Fallidos: 51, Verificados: 137
2025-04-30 13:26:22.160 - Fallidos: 54, Verificados: 144
2025-04-30 13:26:22.359 - Fallidos: 55, Verificados: 150
2025-04-30 13:26:22.559 - Fallidos: 58, Verificados: 158
2025-04-30 13:26:22.760 - Fallidos: 61, Verificados: 163
2025-04-30 13:26:22.959 - Fallidos: 64, Verificados: 170
2025-04-30 13:26:23.159 - Fallidos: 66, Verificados: 176
2025-04-30 13:26:23.360 - Fallidos: 66, Verificados: 183
2025-04-30 13:26:23.559 - Fallidos: 71, Verificados: 188
2025-04-30 13:26:23.759 - Fallidos: 71, Verificados: 196
2025-04-30 13:26:23.959 - Fallidos: 74, Verificados: 202
2025-04-30 13:26:24.159 - Fallidos: 76, Verificados: 210
2025-04-30 13:26:24.359 - Fallidos: 78, Verificados: 216
2025-04-30 13:26:24.560 - Fallidos: 81, Verificados: 223
2025-04-30 13:26:24.759 - Fallidos: 84, Verificados: 228
2025-04-30 13:26:24.959 - Fallidos: 87, Verificados: 234
2025-04-30 13:26:25.160 - Fallidos: 89, Verificados: 241
2025-04-30 13:26:25.359 - Fallidos: 91, Verificados: 249
2025-04-30 13:26:25.559 - Fallidos: 94, Verificados: 254
2025-04-30 13:26:25.759 - Fallidos: 96, Verificados: 261
2025-04-30 13:26:25.960 - Fallidos: 99, Verificados: 268
2025-04-30 13:26:26.159 - Fallidos: 104, Verificados: 272
2025-04-30 13:26:26.359 - Fallidos: 107, Verificados: 279
2025-04-30 13:26:26.559 - Fallidos: 110, Verificados: 283
2025-04-30 13:26:26.759 - Fallidos: 112, Verificados: 290
2025-04-30 13:26:26.959 - Fallidos: 117, Verificados: 295
2025-04-30 13:26:27.160 - Fallidos: 121, Verificados: 299
2025-04-30 13:26:27.359 - Fallidos: 124, Verificados: 305
2025-04-30 13:26:27.559 - Fallidos: 126, Verificados: 310
2025-04-30 13:26:27.760 - Fallidos: 129, Verificados: 318
2025-04-30 13:26:27.959 - Fallidos: 130, Verificados: 325
2025-04-30 13:26:28.159 - Fallidos: 133, Verificados: 331
2025-04-30 13:26:28.360 - Fallidos: 134, Verificados: 338
2025-04-30 13:26:28.559 - Fallidos: 137, Verificados: 345
2025-04-30 13:26:28.759 - Fallidos: 141, Verificados: 351
2025-04-30 13:26:28.960 - Fallidos: 141, Verificados: 357
2025-04-30 13:26:29.040 - Logger periódico detenido.
2025-04-30 13:26:29.040 - --- INFORME FINAL ---
2025-04-30 13:26:29.064 - Tiempo total de ejecución: 11513 ms (11.513 segundos)
2025-04-30 13:26:29.068 - Total Pedidos Fallidos: 141
2025-04-30 13:26:29.068 - Total Pedidos Verificados: 359
2025-04-30 13:26:29.069 - Estado Final Casilleros: Vacíos=123, Ocupados=0, FueraDeServicio=77 | Usos Totales Registrados=500
2025-04-30 13:26:29.069 - Pedidos restantes en Preparación: 0
2025-04-30 13:26:29.069 - Pedidos restantes en Tránsito: 0
2025-04-30 13:26:29.069 - Pedidos restantes Entregados: 0
2025-04-30 13:26:29.069 - Total Pedidos Procesados (Fallidos + Verificados): 500
2025-04-30 13:26:29.070 - --- FIN INFORME ---
2025-04-30 13:28:59.414 - Logger periódico iniciado. Escribiendo en: simulacion_logistica.log
2025-04-30 13:28:59.416 - Fallidos: 0, Verificados: 0
2025-04-30 13:28:59.588 - Fallidos: 2, Verificados: 3
2025-04-30 13:28:59.788 - Fallidos: 5, Verificados: 6
2025-04-30 13:28:59.989 - Fallidos: 7, Verificados: 11
2025-04-30 13:29:00.188 - Fallidos: 9, Verificados: 15
2025-04-30 13:29:00.388 - Fallidos: 10, Verificados: 19
2025-04-30 13:29:00.588 - Fallidos: 12, Verificados: 23
2025-04-30 13:29:00.789 - Fallidos: 13, Verificados: 29
2025-04-30 13:29:00.988 - Fallidos: 16, Verificados: 30
2025-04-30 13:29:01.188 - Fallidos: 16, Verificados: 35
2025-04-30 13:29:01.389 - Fallidos: 16, Verificados: 41
2025-04-30 13:29:01.588 - Fallidos: 17, Verificados: 46
2025-04-30 13:29:01.789 - Fallidos: 19, Verificados: 51
2025-04-30 13:29:01.989 - Fallidos: 21, Verificados: 56
2025-04-30 13:29:02.188 - Fallidos: 21, Verificados: 61
2025-04-30 13:29:02.388 - Fallidos: 22, Verificados: 67
2025-04-30 13:29:02.589 - Fallidos: 23, Verificados: 70
2025-04-30 13:29:02.788 - Fallidos: 24, Verificados: 76
2025-04-30 13:29:02.989 - Fallidos: 25, Verificados: 82
2025-04-30 13:29:03.189 - Fallidos: 28, Verificados: 86
2025-04-30 13:29:03.388 - Fallidos: 31, Verificados: 89
2025-04-30 13:29:03.589 - Fallidos: 33, Verificados: 93
2025-04-30 13:29:03.789 - Fallidos: 33, Verificados: 98
2025-04-30 13:29:03.988 - Fallidos: 34, Verificados: 103
2025-04-30 13:29:04.189 - Fallidos: 36, Verificados: 108
2025-04-30 13:29:04.390 - Fallidos: 38, Verificados: 112
2025-04-30 13:29:04.589 - Fallidos: 41, Verificados: 115
2025-04-30 13:29:04.788 - Fallidos: 42, Verificados: 118
2025-04-30 13:29:04.989 - Fallidos: 44, Verificados: 124
2025-04-30 13:29:05.189 - Fallidos: 46, Verificados: 128
2025-04-30 13:29:05.388 - Fallidos: 47, Verificados: 133
2025-04-30 13:29:05.589 - Fallidos: 49, Verificados: 137
2025-04-30 13:29:05.789 - Fallidos: 50, Verificados: 142
2025-04-30 13:29:05.988 - Fallidos: 51, Verificados: 146
2025-04-30 13:29:06.189 - Fallidos: 52, Verificados: 152
2025-04-30 13:29:06.389 - Fallidos: 53, Verificados: 157
2025-04-30 13:29:06.588 - Fallidos: 55, Verificados: 162
2025-04-30 13:29:06.789 - Fallidos: 58, Verificados: 167
2025-04-30 13:29:06.989 - Fallidos: 58, Verificados: 171
2025-04-30 13:29:07.188 - Fallidos: 60, Verificados: 176
2025-04-30 13:29:07.389 - Fallidos: 60, Verificados: 181
2025-04-30 13:29:07.589 - Fallidos: 61, Verificados: 187
2025-04-30 13:29:07.788 - Fallidos: 63, Verificados: 191
2025-04-30 13:29:07.989 - Fallidos: 65, Verificados: 196
2025-04-30 13:29:08.189 - Fallidos: 66, Verificados: 200
2025-04-30 13:29:08.388 - Fallidos: 67, Verificados: 206
2025-04-30 13:29:08.589 - Fallidos: 68, Verificados: 210
2025-04-30 13:29:08.789 - Fallidos: 72, Verificados: 213
2025-04-30 13:29:08.988 - Fallidos: 73, Verificados: 218
2025-04-30 13:29:09.189 - Fallidos: 74, Verificados: 223
2025-04-30 13:29:09.390 - Fallidos: 75, Verificados: 228
2025-04-30 13:29:09.588 - Fallidos: 77, Verificados: 232
2025-04-30 13:29:09.788 - Fallidos: 77, Verificados: 237
2025-04-30 13:29:09.989 - Fallidos: 79, Verificados: 242
2025-04-30 13:29:10.188 - Fallidos: 80, Verificados: 247
2025-04-30 13:29:10.388 - Fallidos: 81, Verificados: 252
2025-04-30 13:29:10.589 - Fallidos: 82, Verificados: 257
2025-04-30 13:29:10.788 - Fallidos: 85, Verificados: 261
2025-04-30 13:29:10.988 - Fallidos: 86, Verificados: 265
2025-04-30 13:29:11.189 - Fallidos: 87, Verificados: 271
2025-04-30 13:29:11.388 - Fallidos: 87, Verificados: 276
2025-04-30 13:29:11.588 - Fallidos: 89, Verificados: 280
2025-04-30 13:29:11.789 - Fallidos: 89, Verificados: 286
2025-04-30 13:29:11.988 - Fallidos: 91, Verificados: 290
2025-04-30 13:29:12.189 - Fallidos: 92, Verificados: 295
2025-04-30 13:29:12.388 - Fallidos: 94, Verificados: 300
2025-04-30 13:29:12.589 - Fallidos: 94, Verificados: 305
2025-04-30 13:29:12.788 - Fallidos: 96, Verificados: 310
2025-04-30 13:29:12.988 - Fallidos: 96, Verificados: 315
2025-04-30 13:29:13.189 - Fallidos: 98, Verificados: 320
2025-04-30 13:29:13.388 - Fallidos: 102, Verificados: 322
2025-04-30 13:29:13.588 - Fallidos: 105, Verificados: 325
2025-04-30 13:29:13.789 - Fallidos: 106, Verificados: 329
2025-04-30 13:29:13.988 - Fallidos: 110, Verificados: 332
2025-04-30 13:29:14.188 - Fallidos: 110, Verificados: 337
2025-04-30 13:29:14.388 - Fallidos: 112, Verificados: 342
2025-04-30 13:29:14.589 - Fallidos: 114, Verificados: 345
2025-04-30 13:29:14.788 - Fallidos: 114, Verificados: 351
2025-04-30 13:29:14.989 - Fallidos: 116, Verificados: 355
2025-04-30 13:29:15.188 - Fallidos: 118, Verificados: 361
2025-04-30 13:29:15.388 - Fallidos: 120, Verificados: 365
2025-04-30 13:29:15.589 - Fallidos: 122, Verificados: 369
2025-04-30 13:29:15.788 - Fallidos: 123, Verificados: 373
2025-04-30 13:29:15.980 - Logger periódico detenido.
2025-04-30 13:29:15.981 - --- INFORME FINAL ---
2025-04-30 13:29:15.989 - Tiempo total de ejecución: 16658 ms (16.658 segundos)
2025-04-30 13:29:15.990 - Total Pedidos Fallidos: 124
2025-04-30 13:29:15.991 - Total Pedidos Verificados: 376
2025-04-30 13:29:15.991 - Estado Final Casilleros: Vacíos=130, Ocupados=0, FueraDeServicio=70 | Usos Totales Registrados=500
2025-04-30 13:29:15.991 - Pedidos restantes en Preparación: 0
2025-04-30 13:29:15.991 - Pedidos restantes en Tránsito: 0
2025-04-30 13:29:15.992 - Pedidos restantes Entregados: 0
2025-04-30 13:29:15.992 - Total Pedidos Procesados (Fallidos + Verificados): 500
2025-04-30 13:29:15.992 - --- FIN INFORME ---
2025-05-02 14:46:43.158 - Logger periódico iniciado. Escribiendo en: simulacion_logistica.log
2025-05-02 14:46:43.158 - Fallidos: 0, Verificados: 0
2025-05-02 14:46:43.329 - Fallidos: 2, Verificados: 2
2025-05-02 14:46:43.529 - Fallidos: 3, Verificados: 7
2025-05-02 14:46:43.729 - Fallidos: 4, Verificados: 13
2025-05-02 14:46:43.929 - Fallidos: 5, Verificados: 18
2025-05-02 14:46:44.129 - Fallidos: 6, Verificados: 23
2025-05-02 14:46:44.329 - Fallidos: 7, Verificados: 29
2025-05-02 14:46:44.529 - Fallidos: 9, Verificados: 34
2025-05-02 14:46:44.729 - Fallidos: 10, Verificados: 39
2025-05-02 14:46:44.929 - Fallidos: 10, Verificados: 44
2025-05-02 14:46:45.129 - Fallidos: 12, Verificados: 49
2025-05-02 14:46:45.329 - Fallidos: 13, Verificados: 55
2025-05-02 14:46:45.529 - Fallidos: 15, Verificados: 59
2025-05-02 14:46:45.729 - Fallidos: 16, Verificados: 64
2025-05-02 14:46:45.929 - Fallidos: 17, Verificados: 69
2025-05-02 14:46:46.129 - Fallidos: 17, Verificados: 74
2025-05-02 14:46:46.329 - Fallidos: 17, Verificados: 79
2025-05-02 14:46:46.529 - Fallidos: 20, Verificados: 84
2025-05-02 14:46:46.729 - Fallidos: 22, Verificados: 89
2025-05-02 14:46:46.929 - Fallidos: 22, Verificados: 94
2025-05-02 14:46:47.129 - Fallidos: 23, Verificados: 99
2025-05-02 14:46:47.329 - Fallidos: 23, Verificados: 104
2025-05-02 14:46:47.529 - Fallidos: 26, Verificados: 108
2025-05-02 14:46:47.729 - Fallidos: 28, Verificados: 112
2025-05-02 14:46:47.929 - Fallidos: 31, Verificados: 115
2025-05-02 14:46:48.129 - Fallidos: 32, Verificados: 120
2025-05-02 14:46:48.329 - Fallidos: 33, Verificados: 125
2025-05-02 14:46:48.529 - Fallidos: 34, Verificados: 130
2025-05-02 14:46:48.729 - Fallidos: 34, Verificados: 135
2025-05-02 14:46:48.929 - Fallidos: 35, Verificados: 141
2025-05-02 14:46:49.129 - Fallidos: 36, Verificados: 146
2025-05-02 14:46:49.329 - Fallidos: 37, Verificados: 150
2025-05-02 14:46:49.529 - Fallidos: 39, Verificados: 155
2025-05-02 14:46:49.729 - Fallidos: 39, Verificados: 161
2025-05-02 14:46:49.929 - Fallidos: 41, Verificados: 166
2025-05-02 14:46:50.129 - Fallidos: 43, Verificados: 171
2025-05-02 14:46:50.329 - Fallidos: 46, Verificados: 173
2025-05-02 14:46:50.529 - Fallidos: 50, Verificados: 176
2025-05-02 14:46:50.729 - Fallidos: 52, Verificados: 179
2025-05-02 14:46:50.929 - Fallidos: 54, Verificados: 184
2025-05-02 14:46:51.129 - Fallidos: 55, Verificados: 188
2025-05-02 14:46:51.329 - Fallidos: 56, Verificados: 194
2025-05-02 14:46:51.529 - Fallidos: 58, Verificados: 198
2025-05-02 14:46:51.729 - Fallidos: 59, Verificados: 203
2025-05-02 14:46:51.929 - Fallidos: 60, Verificados: 208
2025-05-02 14:46:52.129 - Fallidos: 64, Verificados: 212
2025-05-02 14:46:52.329 - Fallidos: 65, Verificados: 217
2025-05-02 14:46:52.529 - Fallidos: 68, Verificados: 221
2025-05-02 14:46:52.729 - Fallidos: 68, Verificados: 225
2025-05-02 14:46:52.930 - Fallidos: 69, Verificados: 230
2025-05-02 14:46:53.129 - Fallidos: 71, Verificados: 234
2025-05-02 14:46:53.329 - Fallidos: 72, Verificados: 239
2025-05-02 14:46:53.529 - Fallidos: 75, Verificados: 243
2025-05-02 14:46:53.729 - Fallidos: 77, Verificados: 248
2025-05-02 14:46:53.929 - Fallidos: 80, Verificados: 251
2025-05-02 14:46:54.129 - Fallidos: 80, Verificados: 256
2025-05-02 14:46:54.329 - Fallidos: 83, Verificados: 260
2025-05-02 14:46:54.529 - Fallidos: 84, Verificados: 264
2025-05-02 14:46:54.729 - Fallidos: 87, Verificados: 269
2025-05-02 14:46:54.929 - Fallidos: 87, Verificados: 273
2025-05-02 14:46:55.129 - Fallidos: 90, Verificados: 277
2025-05-02 14:46:55.329 - Fallidos: 90, Verificados: 283
2025-05-02 14:46:55.529 - Fallidos: 93, Verificados: 286
2025-05-02 14:46:55.729 - Fallidos: 95, Verificados: 291
2025-05-02 14:46:55.929 - Fallidos: 96, Verificados: 296
2025-05-02 14:46:56.129 - Fallidos: 97, Verificados: 300
2025-05-02 14:46:56.329 - Fallidos: 99, Verificados: 305
2025-05-02 14:46:56.529 - Fallidos: 101, Verificados: 309
2025-05-02 14:46:56.729 - Fallidos: 105, Verificados: 310
2025-05-02 14:46:56.929 - Fallidos: 106, Verificados: 316
2025-05-02 14:46:57.129 - Fallidos: 107, Verificados: 321
2025-05-02 14:46:57.329 - Fallidos: 110, Verificados: 325
2025-05-02 14:46:57.529 - Fallidos: 112, Verificados: 328
2025-05-02 14:46:57.729 - Fallidos: 113, Verificados: 334
2025-05-02 14:46:57.929 - Fallidos: 116, Verificados: 337
2025-05-02 14:46:58.129 - Fallidos: 118, Verificados: 342
2025-05-02 14:46:58.329 - Fallidos: 120, Verificados: 346
2025-05-02 14:46:58.529 - Fallidos: 123, Verificados: 348
2025-05-02 14:46:58.729 - Fallidos: 125, Verificados: 353
2025-05-02 14:46:58.929 - Fallidos: 127, Verificados: 357
2025-05-02 14:46:59.129 - Fallidos: 127, Verificados: 362
2025-05-02 14:46:59.329 - Fallidos: 130, Verificados: 365
2025-05-02 14:46:59.540 - Fallidos: 131, Verificados: 369
2025-05-02 14:46:59.562 - Logger periódico detenido.
2025-05-02 14:46:59.562 - --- INFORME FINAL ---
2025-05-02 14:46:59.572 - Tiempo total de ejecución: 16474 ms (16.474 segundos)
2025-05-02 14:46:59.583 - Total Pedidos Fallidos: 131
2025-05-02 14:46:59.583 - Total Pedidos Verificados: 369
2025-05-02 14:46:59.584 - Estado Final Casilleros: Vacíos=118, Ocupados=0, FueraDeServicio=82 | Usos Totales Registrados=500
2025-05-02 14:46:59.585 - Pedidos restantes en Preparación: 0
2025-05-02 14:46:59.585 - Pedidos restantes en Tránsito: 0
2025-05-02 14:46:59.586 - Pedidos restantes Entregados: 0
2025-05-02 14:46:59.586 - Total Pedidos Procesados (Fallidos + Verificados): 500
2025-05-02 14:46:59.586 - --- FIN INFORME ---
2025-05-02 14:48:01.212 - Logger periódico iniciado. Escribiendo en: simulacion_logistica.log
2025-05-02 14:48:01.211 - Fallidos: 0, Verificados: 0
2025-05-02 14:48:01.393 - Fallidos: 2, Verificados: 2
2025-05-02 14:48:01.593 - Fallidos: 5, Verificados: 6
2025-05-02 14:48:01.793 - Fallidos: 6, Verificados: 11
2025-05-02 14:48:01.992 - Fallidos: 6, Verificados: 15
2025-05-02 14:48:02.193 - Fallidos: 7, Verificados: 21
2025-05-02 14:48:02.393 - Fallidos: 9, Verificados: 27
2025-05-02 14:48:02.592 - Fallidos: 10, Verificados: 31
2025-05-02 14:48:02.793 - Fallidos: 14, Verificados: 34
2025-05-02 14:48:02.993 - Fallidos: 15, Verificados: 39
2025-05-02 14:48:03.192 - Fallidos: 15, Verificados: 45
2025-05-02 14:48:03.393 - Fallidos: 16, Verificados: 50
2025-05-02 14:48:03.593 - Fallidos: 20, Verificados: 53
2025-05-02 14:48:03.792 - Fallidos: 20, Verificados: 57
2025-05-02 14:48:03.993 - Fallidos: 21, Verificados: 63
2025-05-02 14:48:04.193 - Fallidos: 22, Verificados: 68
2025-05-02 14:48:04.392 - Fallidos: 25, Verificados: 72
2025-05-02 14:48:04.593 - Fallidos: 25, Verificados: 77
2025-05-02 14:48:04.793 - Fallidos: 27, Verificados: 81
2025-05-02 14:48:04.992 - Fallidos: 28, Verificados: 86
2025-05-02 14:48:05.193 - Fallidos: 31, Verificados: 90
2025-05-02 14:48:05.392 - Fallidos: 31, Verificados: 95
2025-05-02 14:48:05.592 - Fallidos: 34, Verificados: 98
2025-05-02 14:48:05.793 - Fallidos: 35, Verificados: 103
2025-05-02 14:48:05.993 - Fallidos: 37, Verificados: 108
2025-05-02 14:48:06.193 - Fallidos: 40, Verificados: 113
2025-05-02 14:48:06.393 - Fallidos: 43, Verificados: 116
2025-05-02 14:48:06.593 - Fallidos: 45, Verificados: 119
2025-05-02 14:48:06.793 - Fallidos: 45, Verificados: 125
2025-05-02 14:48:06.992 - Fallidos: 46, Verificados: 129
2025-05-02 14:48:07.193 - Fallidos: 48, Verificados: 134
2025-05-02 14:48:07.393 - Fallidos: 48, Verificados: 140
2025-05-02 14:48:07.592 - Fallidos: 49, Verificados: 146
2025-05-02 14:48:07.793 - Fallidos: 49, Verificados: 150
2025-05-02 14:48:07.993 - Fallidos: 50, Verificados: 156
2025-05-02 14:48:08.192 - Fallidos: 52, Verificados: 161
2025-05-02 14:48:08.393 - Fallidos: 54, Verificados: 166
2025-05-02 14:48:08.593 - Fallidos: 57, Verificados: 170
2025-05-02 14:48:08.792 - Fallidos: 59, Verificados: 173
2025-05-02 14:48:08.993 - Fallidos: 59, Verificados: 178
2025-05-02 14:48:09.193 - Fallidos: 62, Verificados: 181
2025-05-02 14:48:09.392 - Fallidos: 63, Verificados: 187
2025-05-02 14:48:09.593 - Fallidos: 66, Verificados: 190
2025-05-02 14:48:09.793 - Fallidos: 67, Verificados: 196
2025-05-02 14:48:09.992 - Fallidos: 68, Verificados: 202
2025-05-02 14:48:10.193 - Fallidos: 72, Verificados: 203
2025-05-02 14:48:10.393 - Fallidos: 73, Verificados: 208
2025-05-02 14:48:10.592 - Fallidos: 78, Verificados: 211
2025-05-02 14:48:10.793 - Fallidos: 80, Verificados: 215
2025-05-02 14:48:10.993 - Fallidos: 85, Verificados: 217
2025-05-02 14:48:11.192 - Fallidos: 86, Verificados: 221
2025-05-02 14:48:11.393 - Fallidos: 87, Verificados: 225
2025-05-02 14:48:11.593 - Fallidos: 89, Verificados: 230
2025-05-02 14:48:11.792 - Fallidos: 93, Verificados: 234
2025-05-02 14:48:11.993 - Fallidos: 96, Verificados: 237
2025-05-02 14:48:12.193 - Fallidos: 96, Verificados: 241
2025-05-02 14:48:12.392 - Fallidos: 99, Verificados: 246
2025-05-02 14:48:12.593 - Fallidos: 101, Verificados: 250
2025-05-02 14:48:12.793 - Fallidos: 103, Verificados: 254
2025-05-02 14:48:12.992 - Fallidos: 105, Verificados: 258
2025-05-02 14:48:13.193 - Fallidos: 105, Verificados: 264
2025-05-02 14:48:13.393 - Fallidos: 106, Verificados: 268
2025-05-02 14:48:13.592 - Fallidos: 109, Verificados: 274
2025-05-02 14:48:13.793 - Fallidos: 109, Verificados: 279
2025-05-02 14:48:13.993 - Fallidos: 112, Verificados: 283
2025-05-02 14:48:14.192 - Fallidos: 113, Verificados: 288
2025-05-02 14:48:14.393 - Fallidos: 115, Verificados: 292
2025-05-02 14:48:14.593 - Fallidos: 116, Verificados: 297
2025-05-02 14:48:14.792 - Fallidos: 117, Verificados: 301
2025-05-02 14:48:14.993 - Fallidos: 119, Verificados: 306
2025-05-02 14:48:15.193 - Fallidos: 121, Verificados: 310
2025-05-02 14:48:15.392 - Fallidos: 124, Verificados: 313
2025-05-02 14:48:15.593 - Fallidos: 125, Verificados: 318
2025-05-02 14:48:15.793 - Fallidos: 127, Verificados: 323
2025-05-02 14:48:15.992 - Fallidos: 129, Verificados: 328
2025-05-02 14:48:16.193 - Fallidos: 132, Verificados: 331
2025-05-02 14:48:16.393 - Fallidos: 134, Verificados: 335
2025-05-02 14:48:16.592 - Fallidos: 134, Verificados: 340
2025-05-02 14:48:16.793 - Fallidos: 135, Verificados: 345
2025-05-02 14:48:16.993 - Fallidos: 137, Verificados: 350
2025-05-02 14:48:17.192 - Fallidos: 138, Verificados: 354
2025-05-02 14:48:17.393 - Fallidos: 139, Verificados: 359
2025-05-02 14:48:17.576 - Logger periódico detenido.
2025-05-02 14:48:17.576 - --- INFORME FINAL ---
2025-05-02 14:48:17.584 - Tiempo total de ejecución: 16405 ms (16.405 segundos)
2025-05-02 14:48:17.586 - Total Pedidos Fallidos: 139
2025-05-02 14:48:17.587 - Total Pedidos Verificados: 361
2025-05-02 14:48:17.587 - Estado Final Casilleros: Vacíos=126, Ocupados=0, FueraDeServicio=74 | Usos Totales Registrados=500
2025-05-02 14:48:17.588 - Pedidos restantes en Preparación: 0
2025-05-02 14:48:17.588 - Pedidos restantes en Tránsito: 0
2025-05-02 14:48:17.588 - Pedidos restantes Entregados: 0
2025-05-02 14:48:17.588 - Total Pedidos Procesados (Fallidos + Verificados): 500
2025-05-02 14:48:17.588 - --- FIN INFORME ---
2025-05-02 14:48:46.678 - Logger periódico iniciado. Escribiendo en: simulacion_logistica.log
2025-05-02 14:48:46.678 - Fallidos: 0, Verificados: 0
2025-05-02 14:48:46.857 - Fallidos: 3, Verificados: 2
2025-05-02 14:48:47.058 - Fallidos: 4, Verificados: 7
2025-05-02 14:48:47.257 - Fallidos: 6, Verificados: 12
2025-05-02 14:48:47.457 - Fallidos: 8, Verificados: 16
2025-05-02 14:48:47.658 - Fallidos: 8, Verificados: 21
2025-05-02 14:48:47.857 - Fallidos: 9, Verificados: 26
2025-05-02 14:48:48.057 - Fallidos: 10, Verificados: 32
2025-05-02 14:48:48.258 - Fallidos: 13, Verificados: 35
2025-05-02 14:48:48.457 - Fallidos: 13, Verificados: 40
2025-05-02 14:48:48.657 - Fallidos: 14, Verificados: 46
2025-05-02 14:48:48.858 - Fallidos: 16, Verificados: 50
2025-05-02 14:48:49.057 - Fallidos: 17, Verificados: 55
2025-05-02 14:48:49.257 - Fallidos: 19, Verificados: 60
2025-05-02 14:48:49.458 - Fallidos: 19, Verificados: 65
2025-05-02 14:48:49.657 - Fallidos: 22, Verificados: 69
2025-05-02 14:48:49.857 - Fallidos: 23, Verificados: 73
2025-05-02 14:48:50.058 - Fallidos: 25, Verificados: 78
2025-05-02 14:48:50.257 - Fallidos: 27, Verificados: 82
2025-05-02 14:48:50.457 - Fallidos: 31, Verificados: 84
2025-05-02 14:48:50.658 - Fallidos: 33, Verificados: 89
2025-05-02 14:48:50.857 - Fallidos: 35, Verificados: 92
2025-05-02 14:48:51.057 - Fallidos: 35, Verificados: 98
2025-05-02 14:48:51.258 - Fallidos: 38, Verificados: 103
2025-05-02 14:48:51.458 - Fallidos: 40, Verificados: 106
2025-05-02 14:48:51.657 - Fallidos: 43, Verificados: 109
2025-05-02 14:48:51.858 - Fallidos: 45, Verificados: 113
2025-05-02 14:48:52.058 - Fallidos: 48, Verificados: 116
2025-05-02 14:48:52.257 - Fallidos: 49, Verificados: 120
2025-05-02 14:48:52.458 - Fallidos: 52, Verificados: 125
2025-05-02 14:48:52.658 - Fallidos: 53, Verificados: 129
2025-05-02 14:48:52.857 - Fallidos: 54, Verificados: 135
2025-05-02 14:48:53.058 - Fallidos: 56, Verificados: 139
2025-05-02 14:48:53.258 - Fallidos: 59, Verificados: 142
2025-05-02 14:48:53.457 - Fallidos: 60, Verificados: 147
2025-05-02 14:48:53.658 - Fallidos: 62, Verificados: 151
2025-05-02 14:48:53.858 - Fallidos: 64, Verificados: 154
2025-05-02 14:48:54.057 - Fallidos: 67, Verificados: 159
2025-05-02 14:48:54.258 - Fallidos: 67, Verificados: 164
2025-05-02 14:48:54.458 - Fallidos: 68, Verificados: 169
2025-05-02 14:48:54.657 - Fallidos: 69, Verificados: 174
2025-05-02 14:48:54.858 - Fallidos: 70, Verificados: 179
2025-05-02 14:48:55.058 - Fallidos: 72, Verificados: 183
2025-05-02 14:48:55.257 - Fallidos: 74, Verificados: 188
2025-05-02 14:48:55.458 - Fallidos: 78, Verificados: 190
2025-05-02 14:48:55.658 - Fallidos: 79, Verificados: 194
2025-05-02 14:48:55.857 - Fallidos: 80, Verificados: 200
2025-05-02 14:48:56.058 - Fallidos: 81, Verificados: 206
2025-05-02 14:48:56.258 - Fallidos: 83, Verificados: 210
2025-05-02 14:48:56.457 - Fallidos: 83, Verificados: 215
2025-05-02 14:48:56.658 - Fallidos: 84, Verificados: 220
2025-05-02 14:48:56.858 - Fallidos: 86, Verificados: 225
2025-05-02 14:48:57.057 - Fallidos: 87, Verificados: 230
2025-05-02 14:48:57.258 - Fallidos: 88, Verificados: 236
2025-05-02 14:48:57.458 - Fallidos: 90, Verificados: 239
2025-05-02 14:48:57.657 - Fallidos: 91, Verificados: 244
2025-05-02 14:48:57.857 - Fallidos: 95, Verificados: 247
2025-05-02 14:48:58.058 - Fallidos: 98, Verificados: 250
2025-05-02 14:48:58.257 - Fallidos: 99, Verificados: 254
2025-05-02 14:48:58.457 - Fallidos: 100, Verificados: 259
2025-05-02 14:48:58.658 - Fallidos: 102, Verificados: 263
2025-05-02 14:48:58.857 - Fallidos: 103, Verificados: 268
2025-05-02 14:48:59.057 - Fallidos: 107, Verificados: 270
2025-05-02 14:48:59.258 - Fallidos: 110, Verificados: 273
2025-05-02 14:48:59.457 - Fallidos: 112, Verificados: 277
2025-05-02 14:48:59.657 - Fallidos: 114, Verificados: 282
2025-05-02 14:48:59.858 - Fallidos: 117, Verificados: 286
2025-05-02 14:49:00.057 - Fallidos: 117, Verificados: 290
2025-05-02 14:49:00.257 - Fallidos: 117, Verificados: 296
2025-05-02 14:49:00.458 - Fallidos: 119, Verificados: 301
2025-05-02 14:49:00.657 - Fallidos: 120, Verificados: 307
2025-05-02 14:49:00.857 - Fallidos: 123, Verificados: 310
2025-05-02 14:49:01.058 - Fallidos: 125, Verificados: 314
2025-05-02 14:49:01.257 - Fallidos: 126, Verificados: 319
2025-05-02 14:49:01.457 - Fallidos: 127, Verificados: 324
2025-05-02 14:49:01.658 - Fallidos: 129, Verificados: 329
2025-05-02 14:49:01.857 - Fallidos: 132, Verificados: 332
2025-05-02 14:49:02.057 - Fallidos: 133, Verificados: 337
2025-05-02 14:49:02.258 - Fallidos: 134, Verificados: 340
2025-05-02 14:49:02.457 - Fallidos: 136, Verificados: 346
2025-05-02 14:49:02.657 - Fallidos: 138, Verificados: 350
2025-05-02 14:49:02.858 - Fallidos: 140, Verificados: 355
2025-05-02 14:49:03.053 - Logger periódico detenido.
2025-05-02 14:49:03.053 - --- INFORME FINAL ---
2025-05-02 14:49:03.060 - Tiempo total de ejecución: 16421 ms (16.421 segundos)
2025-05-02 14:49:03.062 - Total Pedidos Fallidos: 142
2025-05-02 14:49:03.062 - Total Pedidos Verificados: 358
2025-05-02 14:49:03.063 - Estado Final Casilleros: Vacíos=129, Ocupados=0, FueraDeServicio=71 | Usos Totales Registrados=500
2025-05-02 14:49:03.063 - Pedidos restantes en Preparación: 0
2025-05-02 14:49:03.064 - Pedidos restantes en Tránsito: 0
2025-05-02 14:49:03.065 - Pedidos restantes Entregados: 0
2025-05-02 14:49:03.065 - Total Pedidos Procesados (Fallidos + Verificados): 500
2025-05-02 14:49:03.065 - --- FIN INFORME ---
